<?xml version="1.0" encoding="UTF-8"?>
<testng-results ignored="0" total="1" passed="1" failed="0" skipped="0">
  <reporter-output>
  </reporter-output>
  <suite started-at="2024-03-10T00:37:26 IST" name="Default suite" finished-at="2024-03-10T00:37:43 IST" duration-ms="17045">
    <groups>
    </groups>
    <test started-at="2024-03-10T00:37:26 IST" name="Default test" finished-at="2024-03-10T00:37:43 IST" duration-ms="17045">
      <class name="DineshAppium.Appium.ScrollDemo">
        <test-method is-config="true" signature="configuationAppium()[pri:0, instance:DineshAppium.Appium.ScrollDemo@f5ac9e4]" started-at="2024-03-10T00:37:26 IST" name="configuationAppium" finished-at="2024-03-10T00:37:34 IST" duration-ms="8287" status="PASS">
          <reporter-output>
          </reporter-output>
        </test-method> <!-- configuationAppium -->
        <test-method signature="scrollDemoTest()[pri:0, instance:DineshAppium.Appium.ScrollDemo@f5ac9e4]" started-at="2024-03-10T00:37:34 IST" name="scrollDemoTest" finished-at="2024-03-10T00:37:42 IST" duration-ms="8053" status="PASS">
          <reporter-output>
          </reporter-output>
        </test-method> <!-- scrollDemoTest -->
        <test-method is-config="true" signature="tearDown()[pri:0, instance:DineshAppium.Appium.ScrollDemo@f5ac9e4]" started-at="2024-03-10T00:37:42 IST" name="tearDown" finished-at="2024-03-10T00:37:43 IST" duration-ms="663" status="PASS">
          <reporter-output>
          </reporter-output>
        </test-method> <!-- tearDown -->
      </class> <!-- DineshAppium.Appium.ScrollDemo -->
    </test> <!-- Default test -->
  </suite> <!-- Default suite -->
</testng-results>
